No 40 
No 11 40 
No 11 40 77 
No 11 33 40 77 
RL 11 20 33 40 77 
No 11 20 33 40 77 90 
RR 11 20 33 40 77 90 99 
No 11 20 33 40 70 77 90 99 
No 11 20 33 40 70 77 88 90 99 
LR 11 20 33 40 70 77 80 88 90 99 
RL 11 20 33 40 66 70 77 80 88 90 99 
No 10 11 20 33 40 66 70 77 80 88 90 99 
No 10 11 20 22 33 40 66 70 77 80 88 90 99 
LR 10 11 20 22 30 33 40 66 70 77 80 88 90 99 
LL 10 11 20 22 30 33 40 44 66 70 77 80 88 90 99 
No 10 11 20 22 30 33 40 44 55 66 70 77 80 88 90 99 
RL 10 11 20 22 30 33 40 44 50 55 66 70 77 80 88 90 99 
LR 10 11 20 22 30 33 40 44 50 55 60 66 70 77 80 88 90 99 
RR 10 11 20 22 30 33 40 44 50 55 60 66 70 77 80 88 90 99 100 
LL 10 11 20 22 28 30 33 40 44 50 55 60 66 70 77 80 88 90 99 100 
No 10 11 18 20 22 28 30 33 40 44 50 55 60 66 70 77 80 88 90 99 100 
No 9 10 11 18 20 22 28 30 33 40 44 50 55 60 66 70 77 80 88 90 99 100 
LL 5 9 10 11 18 20 22 28 30 33 40 44 50 55 60 66 70 77 80 88 90 99 100 
No 5 9 10 11 17 18 20 22 28 30 33 40 44 50 55 60 66 70 77 80 88 90 99 100 
No 5 6 9 10 11 17 18 20 22 28 30 33 40 44 50 55 60 66 70 77 80 88 90 99 100 
No 3 5 6 9 10 11 17 18 20 22 28 30 33 40 44 50 55 60 66 70 77 80 88 90 99 100 
LL 1 3 5 6 9 10 11 17 18 20 22 28 30 33 40 44 50 55 60 66 70 77 80 88 90 99 100 
No 1 3 4 5 6 9 10 11 17 18 20 22 28 30 33 40 44 50 55 60 66 70 77 80 88 90 99 100 
LL 1 2 3 4 5 6 9 10 11 17 18 20 22 28 30 33 40 44 50 55 60 66 70 77 80 88 90 99 100 
LR 1 2 3 4 5 6 7 9 10 11 17 18 20 22 28 30 33 40 44 50 55 60 66 70 77 80 88 90 99 100 
RR 1 2 3 4 5 6 7 8 9 10 11 17 18 20 22 28 30 33 40 44 50 55 60 66 70 77 80 88 90 99 100 
No 1 2 3 4 5 6 7 8 9 10 11 17 18 20 22 28 30 33 40 44 50 55 60 66 70 77 80 88 90 99 100 
LL 1 2 3 4 5 6 7 8 9 10 11 12 17 18 20 22 28 30 33 40 44 50 55 60 66 70 77 80 88 90 99 100 
No 1 2 3 4 5 6 7 8 9 10 11 12 13 17 18 20 22 28 30 33 40 44 50 55 60 66 70 77 80 88 90 99 100 
RR 1 2 3 4 5 6 7 8 9 10 11 12 13 14 17 18 20 22 28 30 33 40 44 50 55 60 66 70 77 80 88 90 99 100 
LR 1 2 3 4 5 6 7 8 9 10 11 12 13 14 16 17 18 20 22 28 30 33 40 44 50 55 60 66 70 77 80 88 90 99 100 
LR 1 2 3 4 5 6 7 8 9 10 11 12 13 14 15 16 17 18 20 22 28 30 33 40 44 50 55 60 66 70 77 80 88 90 99 100 
