40 
11 40 
11 40 77 
11 33 40 77 
11 20 33 40 77 
11 20 33 40 77 90 
11 20 33 40 77 90 99 
11 20 33 40 70 77 90 99 
11 20 33 40 70 77 88 90 99 
11 20 33 40 70 77 80 88 90 99 
11 20 33 40 66 70 77 80 88 90 99 
10 11 20 33 40 66 70 77 80 88 90 99 
10 11 20 22 33 40 66 70 77 80 88 90 99 
10 11 20 22 30 33 40 66 70 77 80 88 90 99 
10 11 20 22 30 33 40 44 66 70 77 80 88 90 99 
10 11 20 22 30 33 40 44 55 66 70 77 80 88 90 99 
10 11 20 22 30 33 40 44 50 55 66 70 77 80 88 90 99 
10 11 20 22 30 33 40 44 50 55 60 66 70 77 80 88 90 99 
10 11 20 22 30 33 40 44 50 55 60 66 70 77 80 88 90 99 100 
10 11 20 22 28 30 33 40 44 50 55 60 66 70 77 80 88 90 99 100 
10 11 18 20 22 28 30 33 40 44 50 55 60 66 70 77 80 88 90 99 100 
9 10 11 18 20 22 28 30 33 40 44 50 55 60 66 70 77 80 88 90 99 100 
5 9 10 11 18 20 22 28 30 33 40 44 50 55 60 66 70 77 80 88 90 99 100 
5 9 10 11 17 18 20 22 28 30 33 40 44 50 55 60 66 70 77 80 88 90 99 100 
5 6 9 10 11 17 18 20 22 28 30 33 40 44 50 55 60 66 70 77 80 88 90 99 100 
3 5 6 9 10 11 17 18 20 22 28 30 33 40 44 50 55 60 66 70 77 80 88 90 99 100 
1 3 5 6 9 10 11 17 18 20 22 28 30 33 40 44 50 55 60 66 70 77 80 88 90 99 100 
1 3 4 5 6 9 10 11 17 18 20 22 28 30 33 40 44 50 55 60 66 70 77 80 88 90 99 100 
1 2 3 4 5 6 9 10 11 17 18 20 22 28 30 33 40 44 50 55 60 66 70 77 80 88 90 99 100 
1 2 3 4 5 6 7 9 10 11 17 18 20 22 28 30 33 40 44 50 55 60 66 70 77 80 88 90 99 100 
1 2 3 4 5 6 7 8 9 10 11 17 18 20 22 28 30 33 40 44 50 55 60 66 70 77 80 88 90 99 100 
1 2 3 4 5 6 7 8 9 10 11 17 18 20 22 28 30 33 40 44 50 55 60 66 70 73 77 80 88 90 99 100 
1 2 3 4 5 6 7 8 9 10 11 12 17 18 20 22 28 30 33 40 44 50 55 60 66 70 73 77 80 88 90 99 100 
1 2 3 4 5 6 7 8 9 10 11 12 13 17 18 20 22 28 30 33 40 44 50 55 60 66 70 73 77 80 88 90 99 100 
1 2 3 4 5 6 7 8 9 10 11 12 13 14 17 18 20 22 28 30 33 40 44 50 55 60 66 70 73 77 80 88 90 99 100 
1 2 3 4 5 6 7 8 9 10 11 12 13 14 16 17 18 20 22 28 30 33 40 44 50 55 60 66 70 73 77 80 88 90 99 100 
1 2 3 4 5 6 7 8 9 10 11 12 13 14 15 16 17 18 20 22 28 30 33 40 44 50 55 60 66 70 73 77 80 88 90 99 100 
1 2 3 4 5 6 7 8 9 10 11 12 13 14 15 16 17 18 20 22 25 28 30 33 40 44 50 55 60 66 70 73 77 80 88 90 99 100 
1 2 3 4 5 6 7 8 9 10 11 12 13 14 15 16 17 18 20 22 24 25 28 30 33 40 44 50 55 60 66 70 73 77 80 88 90 99 100 
1 2 3 4 5 6 7 8 9 10 11 12 13 14 15 16 17 18 20 22 24 25 28 30 33 40 44 50 55 60 66 70 73 77 80 88 90 99 100 
1 2 3 4 5 6 7 8 9 10 11 12 13 14 15 16 17 18 20 22 24 25 28 30 33 40 44 45 50 55 60 66 70 73 77 80 88 90 99 100 
1 2 3 4 5 6 7 8 9 10 11 12 13 14 15 16 17 18 20 22 24 25 28 30 33 40 44 45 49 50 55 60 66 70 73 77 80 88 90 99 100 
1 2 3 4 5 6 7 8 9 10 11 12 13 14 15 16 17 18 20 22 24 25 28 30 33 40 42 44 45 49 50 55 60 66 70 73 77 80 88 90 99 100 
1 2 3 4 5 6 7 8 9 10 11 12 13 14 15 16 17 18 20 22 24 25 28 30 33 40 42 43 44 45 49 50 55 60 66 70 73 77 80 88 90 99 100 
1 2 3 4 5 6 7 8 9 10 11 12 13 14 15 16 17 18 20 22 24 25 28 30 33 40 41 42 43 44 45 49 50 55 60 66 70 73 77 80 88 90 99 100 
1 2 3 4 5 6 7 8 9 10 11 12 13 14 15 16 17 18 20 22 24 25 28 30 33 40 41 42 43 44 45 47 49 50 55 60 66 70 73 77 80 88 90 99 100 
1 2 3 4 5 6 7 8 9 10 11 12 13 14 15 16 17 18 20 22 24 25 28 30 33 40 41 42 43 44 45 47 48 49 50 55 60 66 70 73 77 80 88 90 99 100 
1 2 3 4 5 6 7 8 9 10 11 12 13 14 15 16 17 18 20 22 24 25 28 30 33 40 41 42 43 44 45 46 47 48 49 50 55 60 66 70 73 77 80 88 90 99 100 
1 2 3 4 5 6 7 8 9 10 11 12 13 14 15 16 17 18 20 22 24 25 28 30 33 40 41 42 43 44 45 46 47 48 49 50 55 60 63 66 70 73 77 80 88 90 99 100 
1 2 3 4 5 6 7 8 9 10 11 12 13 14 15 16 17 18 20 22 24 25 28 30 33 40 41 42 43 44 45 46 47 48 49 50 55 60 63 66 68 70 73 77 80 88 90 99 100 
1 2 3 4 5 6 7 8 9 10 11 12 13 14 15 16 17 18 20 22 24 25 28 30 33 40 41 42 43 44 45 46 47 48 49 50 55 60 61 63 66 68 70 73 77 80 88 90 99 100 
1 2 3 4 5 6 7 8 9 10 11 12 13 14 15 16 17 18 20 22 24 25 28 30 33 40 41 42 43 44 45 46 47 48 49 50 55 60 61 62 63 66 68 70 73 77 80 88 90 99 100 
1 2 3 4 5 6 7 8 9 10 11 12 13 14 15 16 17 18 20 22 24 25 28 30 33 40 41 42 43 44 45 46 47 48 49 50 55 60 61 62 63 64 66 68 70 73 77 80 88 90 99 100 
1 2 3 4 5 6 7 8 9 10 11 12 13 14 15 16 17 18 20 22 24 25 28 30 33 40 41 42 43 44 45 46 47 48 49 50 55 60 61 62 63 64 66 68 69 70 73 77 80 88 90 99 100 
1 2 3 4 5 6 7 8 9 10 11 12 13 14 15 16 17 18 20 22 24 25 28 30 33 40 41 42 43 44 45 46 47 48 49 50 55 60 61 62 63 64 66 67 68 69 70 73 77 80 88 90 99 100 
1 2 3 4 5 6 7 8 9 10 11 12 13 14 15 16 17 18 20 22 24 25 28 30 33 40 41 42 43 44 45 46 47 48 49 50 55 60 61 62 63 64 65 66 67 68 69 70 73 77 80 88 90 99 100 
1 2 3 4 5 6 7 8 9 10 11 12 13 14 15 16 17 18 20 22 24 25 28 30 33 40 41 42 43 44 45 46 47 48 49 50 54 55 60 61 62 63 64 65 66 67 68 69 70 73 77 80 88 90 99 100 
1 2 3 4 5 6 7 8 9 10 11 12 13 14 15 16 17 18 20 22 24 25 28 30 33 40 41 42 43 44 45 46 47 48 49 50 54 55 59 60 61 62 63 64 65 66 67 68 69 70 73 77 80 88 90 99 100 
1 2 3 4 5 6 7 8 9 10 11 12 13 14 15 16 17 18 20 22 24 25 28 30 33 40 41 42 43 44 45 46 47 48 49 50 54 55 58 59 60 61 62 63 64 65 66 67 68 69 70 73 77 80 88 90 99 100 
1 2 3 4 5 6 7 8 9 10 11 12 13 14 15 16 17 18 20 22 24 25 28 30 33 40 41 42 43 44 45 46 47 48 49 50 51 54 55 58 59 60 61 62 63 64 65 66 67 68 69 70 73 77 80 88 90 99 100 
1 2 3 4 5 6 7 8 9 10 11 12 13 14 15 16 17 18 20 22 24 25 28 30 33 40 41 42 43 44 45 46 47 48 49 50 51 53 54 55 58 59 60 61 62 63 64 65 66 67 68 69 70 73 77 80 88 90 99 100 
1 2 3 4 5 6 7 8 9 10 11 12 13 14 15 16 17 18 20 22 24 25 28 30 33 40 41 42 43 44 45 46 47 48 49 50 51 53 54 55 57 58 59 60 61 62 63 64 65 66 67 68 69 70 73 77 80 88 90 99 100 
1 2 3 4 5 6 7 8 9 10 11 12 13 14 15 16 17 18 20 22 24 25 28 30 33 40 41 42 43 44 45 46 47 48 49 50 51 52 53 54 55 57 58 59 60 61 62 63 64 65 66 67 68 69 70 73 77 80 88 90 99 100 
1 2 3 4 5 6 7 8 9 10 11 12 13 14 15 16 17 18 20 22 24 25 28 30 33 40 41 42 43 44 45 46 47 48 49 50 51 52 53 54 55 56 57 58 59 60 61 62 63 64 65 66 67 68 69 70 73 77 80 88 90 99 100 
1 2 3 4 5 6 7 8 9 10 11 12 13 14 15 16 17 18 20 22 24 25 28 30 33 40 41 42 43 44 45 46 47 48 49 50 51 52 53 54 55 56 57 58 59 60 61 62 63 64 65 66 67 68 69 70 73 77 80 83 88 90 99 100 
1 2 3 4 5 6 7 8 9 10 11 12 13 14 15 16 17 18 20 22 24 25 28 30 33 40 41 42 43 44 45 46 47 48 49 50 51 52 53 54 55 56 57 58 59 60 61 62 63 64 65 66 67 68 69 70 73 77 80 81 83 88 90 99 100 
1 2 3 4 5 6 7 8 9 10 11 12 13 14 15 16 17 18 20 22 24 25 28 30 33 40 41 42 43 44 45 46 47 48 49 50 51 52 53 54 55 56 57 58 59 60 61 62 63 64 65 66 67 68 69 70 73 77 80 81 82 83 88 90 99 100 
1 2 3 4 5 6 7 8 9 10 11 12 13 14 15 16 17 18 20 22 24 25 28 30 33 40 41 42 43 44 45 46 47 48 49 50 51 52 53 54 55 56 57 58 59 60 61 62 63 64 65 66 67 68 69 70 73 77 80 81 82 83 84 88 90 99 100 
1 2 3 4 5 6 7 8 9 10 11 12 13 14 15 16 17 18 20 22 24 25 28 30 33 40 41 42 43 44 45 46 47 48 49 50 51 52 53 54 55 56 57 58 59 60 61 62 63 64 65 66 67 68 69 70 73 75 77 80 81 82 83 84 88 90 99 100 
1 2 3 4 5 6 7 8 9 10 11 12 13 14 15 16 17 18 20 22 24 25 28 30 33 40 41 42 43 44 45 46 47 48 49 50 51 52 53 54 55 56 57 58 59 60 61 62 63 64 65 66 67 68 69 70 73 75 77 80 81 82 83 84 88 89 90 99 100 
1 2 3 4 5 6 7 8 9 10 11 12 13 14 15 16 17 18 20 22 24 25 28 30 33 40 41 42 43 44 45 46 47 48 49 50 51 52 53 54 55 56 57 58 59 60 61 62 63 64 65 67 68 69 70 73 75 77 80 81 82 83 84 88 89 90 99 100 
1 2 3 4 5 6 7 8 9 11 12 13 14 15 16 17 18 20 22 24 25 28 30 33 40 41 42 43 44 45 46 47 48 49 50 51 52 53 54 55 56 57 58 59 60 61 62 63 64 65 67 68 69 70 73 75 77 80 81 82 83 84 88 89 90 99 100 
1 2 3 4 5 6 7 8 9 11 12 13 14 15 16 17 18 20 24 25 28 30 33 40 41 42 43 44 45 46 47 48 49 50 51 52 53 54 55 56 57 58 59 60 61 62 63 64 65 67 68 69 70 73 75 77 80 81 82 83 84 88 89 90 99 100 
1 2 3 4 5 6 7 8 9 11 12 13 14 15 16 17 18 20 24 25 28 33 40 41 42 43 44 45 46 47 48 49 50 51 52 53 54 55 56 57 58 59 60 61 62 63 64 65 67 68 69 70 73 75 77 80 81 82 83 84 88 89 90 99 100 
1 2 3 4 5 6 7 8 9 11 12 13 14 15 16 17 18 20 24 25 28 33 40 41 42 43 45 46 47 48 49 50 51 52 53 54 55 56 57 58 59 60 61 62 63 64 65 67 68 69 70 73 75 77 80 81 82 83 84 88 89 90 99 100 
1 2 3 4 5 6 7 8 9 11 12 13 14 15 16 17 18 20 24 25 28 33 40 41 42 43 45 46 47 48 49 50 51 52 53 54 56 57 58 59 60 61 62 63 64 65 67 68 69 70 73 75 77 80 81 82 83 84 88 89 90 99 100 
1 2 3 4 5 6 7 8 9 11 12 13 14 15 16 17 18 20 24 25 28 33 40 41 42 43 45 46 47 48 49 51 52 53 54 56 57 58 59 60 61 62 63 64 65 67 68 69 70 73 75 77 80 81 82 83 84 88 89 90 99 100 
1 2 3 4 5 6 7 8 9 11 12 13 14 15 16 17 18 20 24 25 28 33 40 41 42 43 45 46 47 48 49 51 52 53 54 56 57 58 59 61 62 63 64 65 67 68 69 70 73 75 77 80 81 82 83 84 88 89 90 99 100 
1 2 3 4 5 6 7 8 9 11 12 13 14 15 16 17 18 20 24 25 28 33 40 41 42 43 45 46 47 48 49 51 52 53 54 56 57 58 59 61 62 63 64 65 67 68 69 70 73 75 77 80 81 82 83 84 88 89 90 99 
1 2 3 4 5 6 7 8 9 11 12 13 14 15 16 17 18 20 24 25 33 40 41 42 43 45 46 47 48 49 51 52 53 54 56 57 58 59 61 62 63 64 65 67 68 69 70 73 75 77 80 81 82 83 84 88 89 90 99 
1 2 3 4 5 6 7 8 9 11 12 13 14 15 16 17 20 24 25 33 40 41 42 43 45 46 47 48 49 51 52 53 54 56 57 58 59 61 62 63 64 65 67 68 69 70 73 75 77 80 81 82 83 84 88 89 90 99 
1 2 3 4 5 6 7 8 11 12 13 14 15 16 17 20 24 25 33 40 41 42 43 45 46 47 48 49 51 52 53 54 56 57 58 59 61 62 63 64 65 67 68 69 70 73 75 77 80 81 82 83 84 88 89 90 99 
1 2 3 4 6 7 8 11 12 13 14 15 16 17 20 24 25 33 40 41 42 43 45 46 47 48 49 51 52 53 54 56 57 58 59 61 62 63 64 65 67 68 69 70 73 75 77 80 81 82 83 84 88 89 90 99 
1 2 3 4 6 7 8 11 12 13 14 15 16 20 24 25 33 40 41 42 43 45 46 47 48 49 51 52 53 54 56 57 58 59 61 62 63 64 65 67 68 69 70 73 75 77 80 81 82 83 84 88 89 90 99 
1 2 3 4 7 8 11 12 13 14 15 16 20 24 25 33 40 41 42 43 45 46 47 48 49 51 52 53 54 56 57 58 59 61 62 63 64 65 67 68 69 70 73 75 77 80 81 82 83 84 88 89 90 99 
1 2 4 7 8 11 12 13 14 15 16 20 24 25 33 40 41 42 43 45 46 47 48 49 51 52 53 54 56 57 58 59 61 62 63 64 65 67 68 69 70 73 75 77 80 81 82 83 84 88 89 90 99 
2 4 7 8 11 12 13 14 15 16 20 24 25 33 40 41 42 43 45 46 47 48 49 51 52 53 54 56 57 58 59 61 62 63 64 65 67 68 69 70 73 75 77 80 81 82 83 84 88 89 90 99 
2 7 8 11 12 13 14 15 16 20 24 25 33 40 41 42 43 45 46 47 48 49 51 52 53 54 56 57 58 59 61 62 63 64 65 67 68 69 70 73 75 77 80 81 82 83 84 88 89 90 99 
7 8 11 12 13 14 15 16 20 24 25 33 40 41 42 43 45 46 47 48 49 51 52 53 54 56 57 58 59 61 62 63 64 65 67 68 69 70 73 75 77 80 81 82 83 84 88 89 90 99 
8 11 12 13 14 15 16 20 24 25 33 40 41 42 43 45 46 47 48 49 51 52 53 54 56 57 58 59 61 62 63 64 65 67 68 69 70 73 75 77 80 81 82 83 84 88 89 90 99 
11 12 13 14 15 16 20 24 25 33 40 41 42 43 45 46 47 48 49 51 52 53 54 56 57 58 59 61 62 63 64 65 67 68 69 70 73 75 77 80 81 82 83 84 88 89 90 99 
11 12 13 14 15 16 20 24 25 33 40 41 42 43 45 46 47 48 49 51 52 53 54 56 57 58 59 61 62 63 64 65 67 68 69 70 75 77 80 81 82 83 84 88 89 90 99 
11 13 14 15 16 20 24 25 33 40 41 42 43 45 46 47 48 49 51 52 53 54 56 57 58 59 61 62 63 64 65 67 68 69 70 75 77 80 81 82 83 84 88 89 90 99 
11 14 15 16 20 24 25 33 40 41 42 43 45 46 47 48 49 51 52 53 54 56 57 58 59 61 62 63 64 65 67 68 69 70 75 77 80 81 82 83 84 88 89 90 99 
11 15 16 20 24 25 33 40 41 42 43 45 46 47 48 49 51 52 53 54 56 57 58 59 61 62 63 64 65 67 68 69 70 75 77 80 81 82 83 84 88 89 90 99 
11 15 20 24 25 33 40 41 42 43 45 46 47 48 49 51 52 53 54 56 57 58 59 61 62 63 64 65 67 68 69 70 75 77 80 81 82 83 84 88 89 90 99 
11 20 24 25 33 40 41 42 43 45 46 47 48 49 51 52 53 54 56 57 58 59 61 62 63 64 65 67 68 69 70 75 77 80 81 82 83 84 88 89 90 99 
11 20 24 33 40 41 42 43 45 46 47 48 49 51 52 53 54 56 57 58 59 61 62 63 64 65 67 68 69 70 75 77 80 81 82 83 84 88 89 90 99 
11 20 33 40 41 42 43 45 46 47 48 49 51 52 53 54 56 57 58 59 61 62 63 64 65 67 68 69 70 75 77 80 81 82 83 84 88 89 90 99 
11 20 33 40 41 42 43 45 46 47 48 49 51 52 53 54 56 57 58 59 61 62 63 64 65 67 68 69 70 75 77 80 81 82 83 84 88 89 90 99 
11 20 33 41 42 43 45 46 47 48 49 51 52 53 54 56 57 58 59 61 62 63 64 65 67 68 69 70 75 77 80 81 82 83 84 88 89 90 99 
20 33 41 42 43 45 46 47 48 49 51 52 53 54 56 57 58 59 61 62 63 64 65 67 68 69 70 75 77 80 81 82 83 84 88 89 90 99 
20 33 41 42 43 45 46 47 48 49 51 52 53 54 56 57 58 59 61 62 63 64 65 67 68 69 70 75 80 81 82 83 84 88 89 90 99 
20 41 42 43 45 46 47 48 49 51 52 53 54 56 57 58 59 61 62 63 64 65 67 68 69 70 75 80 81 82 83 84 88 89 90 99 
41 42 43 45 46 47 48 49 51 52 53 54 56 57 58 59 61 62 63 64 65 67 68 69 70 75 80 81 82 83 84 88 89 90 99 
41 42 43 45 46 47 48 49 51 52 53 54 56 57 58 59 61 62 63 64 65 67 68 69 70 75 80 81 82 83 84 88 89 99 
41 42 43 45 46 47 48 49 51 52 53 54 56 57 58 59 61 62 63 64 65 67 68 69 70 75 80 81 82 83 84 88 89 
41 42 43 45 46 47 48 49 51 52 53 54 56 57 58 59 61 62 63 64 65 67 68 69 75 80 81 82 83 84 88 89 
41 42 43 45 46 47 48 49 51 52 53 54 56 57 58 59 61 62 63 64 65 67 68 69 75 80 81 82 83 84 89 
41 42 43 45 46 47 48 49 51 52 53 54 56 57 58 59 61 62 63 64 65 67 68 69 75 81 82 83 84 89 
41 42 43 46 47 48 49 51 52 53 54 56 57 58 59 61 62 63 64 65 67 68 69 75 81 82 83 84 89 
41 42 43 46 47 48 51 52 53 54 56 57 58 59 61 62 63 64 65 67 68 69 75 81 82 83 84 89 
41 43 46 47 48 51 52 53 54 56 57 58 59 61 62 63 64 65 67 68 69 75 81 82 83 84 89 
41 46 47 48 51 52 53 54 56 57 58 59 61 62 63 64 65 67 68 69 75 81 82 83 84 89 
46 47 48 51 52 53 54 56 57 58 59 61 62 63 64 65 67 68 69 75 81 82 83 84 89 
46 48 51 52 53 54 56 57 58 59 61 62 63 64 65 67 68 69 75 81 82 83 84 89 
46 51 52 53 54 56 57 58 59 61 62 63 64 65 67 68 69 75 81 82 83 84 89 
51 52 53 54 56 57 58 59 61 62 63 64 65 67 68 69 75 81 82 83 84 89 
51 52 53 54 56 57 58 59 61 62 64 65 67 68 69 75 81 82 83 84 89 
51 52 53 54 56 57 58 59 61 62 64 65 67 69 75 81 82 83 84 89 
51 52 53 54 56 57 58 59 62 64 65 67 69 75 81 82 83 84 89 
51 52 53 54 56 57 58 59 64 65 67 69 75 81 82 83 84 89 
51 52 53 54 56 57 58 59 65 67 69 75 81 82 83 84 89 
51 52 53 54 56 57 58 59 65 67 75 81 82 83 84 89 
51 52 53 54 56 57 58 59 65 75 81 82 83 84 89 
51 52 53 54 56 57 58 59 75 81 82 83 84 89 
51 52 53 56 57 58 59 75 81 82 83 84 89 
51 52 53 56 57 58 75 81 82 83 84 89 
51 52 53 56 57 75 81 82 83 84 89 
52 53 56 57 75 81 82 83 84 89 
52 56 57 75 81 82 83 84 89 
52 56 75 81 82 83 84 89 
56 75 81 82 83 84 89 
75 81 82 83 84 89 
75 81 82 84 89 
75 82 84 89 
75 84 89 
75 89 
89 

40 
11 40 
11 40 77 
11 33 40 77 
11 20 33 40 77 
11 20 33 40 77 90 
11 20 33 40 77 90 99 
11 20 33 40 70 77 90 99 
11 20 33 40 70 77 88 90 99 
11 20 33 40 70 77 80 88 90 99 
11 20 33 40 66 70 77 80 88 90 99 
10 11 20 33 40 66 70 77 80 88 90 99 
10 11 20 22 33 40 66 70 77 80 88 90 99 
10 11 20 22 30 33 40 66 70 77 80 88 90 99 
10 11 20 22 30 33 40 44 66 70 77 80 88 90 99 
10 11 20 22 30 33 40 44 55 66 70 77 80 88 90 99 
10 11 20 22 30 33 40 44 50 55 66 70 77 80 88 90 99 
10 11 20 22 30 33 40 44 50 55 60 66 70 77 80 88 90 99 
10 11 20 22 30 33 40 44 50 55 60 66 70 77 80 88 90 99 100 
10 11 20 22 28 30 33 40 44 50 55 60 66 70 77 80 88 90 99 100 
10 11 18 20 22 28 30 33 40 44 50 55 60 66 70 77 80 88 90 99 100 
9 10 11 18 20 22 28 30 33 40 44 50 55 60 66 70 77 80 88 90 99 100 
5 9 10 11 18 20 22 28 30 33 40 44 50 55 60 66 70 77 80 88 90 99 100 
5 9 10 11 17 18 20 22 28 30 33 40 44 50 55 60 66 70 77 80 88 90 99 100 
5 6 9 10 11 17 18 20 22 28 30 33 40 44 50 55 60 66 70 77 80 88 90 99 100 
3 5 6 9 10 11 17 18 20 22 28 30 33 40 44 50 55 60 66 70 77 80 88 90 99 100 
1 3 5 6 9 10 11 17 18 20 22 28 30 33 40 44 50 55 60 66 70 77 80 88 90 99 100 
1 3 4 5 6 9 10 11 17 18 20 22 28 30 33 40 44 50 55 60 66 70 77 80 88 90 99 100 
1 2 3 4 5 6 9 10 11 17 18 20 22 28 30 33 40 44 50 55 60 66 70 77 80 88 90 99 100 
1 2 3 4 5 6 7 9 10 11 17 18 20 22 28 30 33 40 44 50 55 60 66 70 77 80 88 90 99 100 
1 2 3 4 5 6 7 8 9 10 11 17 18 20 22 28 30 33 40 44 50 55 60 66 70 77 80 88 90 99 100 
1 2 3 4 5 6 7 8 9 10 11 17 18 20 22 28 30 33 40 44 50 55 60 66 70 73 77 80 88 90 99 100 
1 2 3 4 5 6 7 8 9 10 11 12 17 18 20 22 28 30 33 40 44 50 55 60 66 70 73 77 80 88 90 99 100 
1 2 3 4 5 6 7 8 9 10 11 12 13 17 18 20 22 28 30 33 40 44 50 55 60 66 70 73 77 80 88 90 99 100 
1 2 3 4 5 6 7 8 9 10 11 12 13 14 17 18 20 22 28 30 33 40 44 50 55 60 66 70 73 77 80 88 90 99 100 
1 2 3 4 5 6 7 8 9 10 11 12 13 14 16 17 18 20 22 28 30 33 40 44 50 55 60 66 70 73 77 80 88 90 99 100 
1 2 3 4 5 6 7 8 9 10 11 12 13 14 15 16 17 18 20 22 28 30 33 40 44 50 55 60 66 70 73 77 80 88 90 99 100 
1 2 3 4 5 6 7 8 9 10 11 12 13 14 15 16 17 18 20 22 25 28 30 33 40 44 50 55 60 66 70 73 77 80 88 90 99 100 
1 2 3 4 5 6 7 8 9 10 11 12 13 14 15 16 17 18 20 22 24 25 28 30 33 40 44 50 55 60 66 70 73 77 80 88 90 99 100 
1 2 3 4 5 6 7 8 9 10 11 12 13 14 15 16 17 18 20 22 24 25 28 30 33 40 44 50 55 60 66 70 73 77 80 88 90 99 100 
1 2 3 4 5 6 7 8 9 10 11 12 13 14 15 16 17 18 20 22 24 25 28 30 33 40 44 45 50 55 60 66 70 73 77 80 88 90 99 100 
1 2 3 4 5 6 7 8 9 10 11 12 13 14 15 16 17 18 20 22 24 25 28 30 33 40 44 45 49 50 55 60 66 70 73 77 80 88 90 99 100 
1 2 3 4 5 6 7 8 9 10 11 12 13 14 15 16 17 18 20 22 24 25 28 30 33 40 42 44 45 49 50 55 60 66 70 73 77 80 88 90 99 100 
1 2 3 4 5 6 7 8 9 10 11 12 13 14 15 16 17 18 20 22 24 25 28 30 33 40 42 43 44 45 49 50 55 60 66 70 73 77 80 88 90 99 100 
1 2 3 4 5 6 7 8 9 10 11 12 13 14 15 16 17 18 20 22 24 25 28 30 33 40 41 42 43 44 45 49 50 55 60 66 70 73 77 80 88 90 99 100 
1 2 3 4 5 6 7 8 9 10 11 12 13 14 15 16 17 18 20 22 24 25 28 30 33 40 41 42 43 44 45 47 49 50 55 60 66 70 73 77 80 88 90 99 100 
1 2 3 4 5 6 7 8 9 10 11 12 13 14 15 16 17 18 20 22 24 25 28 30 33 40 41 42 43 44 45 47 48 49 50 55 60 66 70 73 77 80 88 90 99 100 
1 2 3 4 5 6 7 8 9 10 11 12 13 14 15 16 17 18 20 22 24 25 28 30 33 40 41 42 43 44 45 46 47 48 49 50 55 60 66 70 73 77 80 88 90 99 100 
1 2 3 4 5 6 7 8 9 10 11 12 13 14 15 16 17 18 20 22 24 25 28 30 33 40 41 42 43 44 45 46 47 48 49 50 55 60 63 66 70 73 77 80 88 90 99 100 
1 2 3 4 5 6 7 8 9 10 11 12 13 14 15 16 17 18 20 22 24 25 28 30 33 40 41 42 43 44 45 46 47 48 49 50 55 60 63 66 68 70 73 77 80 88 90 99 100 
1 2 3 4 5 6 7 8 9 10 11 12 13 14 15 16 17 18 20 22 24 25 28 30 33 40 41 42 43 44 45 46 47 48 49 50 55 60 61 63 66 68 70 73 77 80 88 90 99 100 
1 2 3 4 5 6 7 8 9 10 11 12 13 14 15 16 17 18 20 22 24 25 28 30 33 40 41 42 43 44 45 46 47 48 49 50 55 60 61 62 63 66 68 70 73 77 80 88 90 99 100 
1 2 3 4 5 6 7 8 9 10 11 12 13 14 15 16 17 18 20 22 24 25 28 30 33 40 41 42 43 44 45 46 47 48 49 50 55 60 61 62 63 64 66 68 70 73 77 80 88 90 99 100 
1 2 3 4 5 6 7 8 9 10 11 12 13 14 15 16 17 18 20 22 24 25 28 30 33 40 41 42 43 44 45 46 47 48 49 50 55 60 61 62 63 64 66 68 69 70 73 77 80 88 90 99 100 
1 2 3 4 5 6 7 8 9 10 11 12 13 14 15 16 17 18 20 22 24 25 28 30 33 40 41 42 43 44 45 46 47 48 49 50 55 60 61 62 63 64 66 67 68 69 70 73 77 80 88 90 99 100 
1 2 3 4 5 6 7 8 9 10 11 12 13 14 15 16 17 18 20 22 24 25 28 30 33 40 41 42 43 44 45 46 47 48 49 50 55 60 61 62 63 64 65 66 67 68 69 70 73 77 80 88 90 99 100 
1 2 3 4 5 6 7 8 9 10 11 12 13 14 15 16 17 18 20 22 24 25 28 30 33 40 41 42 43 44 45 46 47 48 49 50 54 55 60 61 62 63 64 65 66 67 68 69 70 73 77 80 88 90 99 100 
1 2 3 4 5 6 7 8 9 10 11 12 13 14 15 16 17 18 20 22 24 25 28 30 33 40 41 42 43 44 45 46 47 48 49 50 54 55 59 60 61 62 63 64 65 66 67 68 69 70 73 77 80 88 90 99 100 
1 2 3 4 5 6 7 8 9 10 11 12 13 14 15 16 17 18 20 22 24 25 28 30 33 40 41 42 43 44 45 46 47 48 49 50 54 55 58 59 60 61 62 63 64 65 66 67 68 69 70 73 77 80 88 90 99 100 
1 2 3 4 5 6 7 8 9 10 11 12 13 14 15 16 17 18 20 22 24 25 28 30 33 40 41 42 43 44 45 46 47 48 49 50 51 54 55 58 59 60 61 62 63 64 65 66 67 68 69 70 73 77 80 88 90 99 100 
1 2 3 4 5 6 7 8 9 10 11 12 13 14 15 16 17 18 20 22 24 25 28 30 33 40 41 42 43 44 45 46 47 48 49 50 51 53 54 55 58 59 60 61 62 63 64 65 66 67 68 69 70 73 77 80 88 90 99 100 
1 2 3 4 5 6 7 8 9 10 11 12 13 14 15 16 17 18 20 22 24 25 28 30 33 40 41 42 43 44 45 46 47 48 49 50 51 53 54 55 57 58 59 60 61 62 63 64 65 66 67 68 69 70 73 77 80 88 90 99 100 
1 2 3 4 5 6 7 8 9 10 11 12 13 14 15 16 17 18 20 22 24 25 28 30 33 40 41 42 43 44 45 46 47 48 49 50 51 52 53 54 55 57 58 59 60 61 62 63 64 65 66 67 68 69 70 73 77 80 88 90 99 100 
1 2 3 4 5 6 7 8 9 10 11 12 13 14 15 16 17 18 20 22 24 25 28 30 33 40 41 42 43 44 45 46 47 48 49 50 51 52 53 54 55 56 57 58 59 60 61 62 63 64 65 66 67 68 69 70 73 77 80 88 90 99 100 
1 2 3 4 5 6 7 8 9 10 11 12 13 14 15 16 17 18 20 22 24 25 28 30 33 40 41 42 43 44 45 46 47 48 49 50 51 52 53 54 55 56 57 58 59 60 61 62 63 64 65 66 67 68 69 70 73 77 80 83 88 90 99 100 
1 2 3 4 5 6 7 8 9 10 11 12 13 14 15 16 17 18 20 22 24 25 28 30 33 40 41 42 43 44 45 46 47 48 49 50 51 52 53 54 55 56 57 58 59 60 61 62 63 64 65 66 67 68 69 70 73 77 80 81 83 88 90 99 100 
1 2 3 4 5 6 7 8 9 10 11 12 13 14 15 16 17 18 20 22 24 25 28 30 33 40 41 42 43 44 45 46 47 48 49 50 51 52 53 54 55 56 57 58 59 60 61 62 63 64 65 66 67 68 69 70 73 77 80 81 82 83 88 90 99 100 
1 2 3 4 5 6 7 8 9 10 11 12 13 14 15 16 17 18 20 22 24 25 28 30 33 40 41 42 43 44 45 46 47 48 49 50 51 52 53 54 55 56 57 58 59 60 61 62 63 64 65 66 67 68 69 70 73 77 80 81 82 83 84 88 90 99 100 
1 2 3 4 5 6 7 8 9 10 11 12 13 14 15 16 17 18 20 22 24 25 28 30 33 40 41 42 43 44 45 46 47 48 49 50 51 52 53 54 55 56 57 58 59 60 61 62 63 64 65 66 67 68 69 70 73 75 77 80 81 82 83 84 88 90 99 100 
1 2 3 4 5 6 7 8 9 10 11 12 13 14 15 16 17 18 20 22 24 25 28 30 33 40 41 42 43 44 45 46 47 48 49 50 51 52 53 54 55 56 57 58 59 60 61 62 63 64 65 66 67 68 69 70 73 75 77 80 81 82 83 84 88 89 90 99 100 
1 2 3 4 5 6 7 8 9 10 11 12 13 14 15 16 17 18 20 22 24 25 28 30 33 40 41 42 43 44 45 46 47 48 49 50 51 52 53 54 55 56 57 58 59 60 61 62 63 64 65 67 68 69 70 73 75 77 80 81 82 83 84 88 89 90 99 100 
1 2 3 4 5 6 7 8 9 11 12 13 14 15 16 17 18 20 22 24 25 28 30 33 40 41 42 43 44 45 46 47 48 49 50 51 52 53 54 55 56 57 58 59 60 61 62 63 64 65 67 68 69 70 73 75 77 80 81 82 83 84 88 89 90 99 100 
1 2 3 4 5 6 7 8 9 11 12 13 14 15 16 17 18 20 24 25 28 30 33 40 41 42 43 44 45 46 47 48 49 50 51 52 53 54 55 56 57 58 59 60 61 62 63 64 65 67 68 69 70 73 75 77 80 81 82 83 84 88 89 90 99 100 
1 2 3 4 5 6 7 8 9 11 12 13 14 15 16 17 18 20 24 25 28 33 40 41 42 43 44 45 46 47 48 49 50 51 52 53 54 55 56 57 58 59 60 61 62 63 64 65 67 68 69 70 73 75 77 80 81 82 83 84 88 89 90 99 100 
1 2 3 4 5 6 7 8 9 11 12 13 14 15 16 17 18 20 24 25 28 33 40 41 42 43 45 46 47 48 49 50 51 52 53 54 55 56 57 58 59 60 61 62 63 64 65 67 68 69 70 73 75 77 80 81 82 83 84 88 89 90 99 100 
1 2 3 4 5 6 7 8 9 11 12 13 14 15 16 17 18 20 24 25 28 33 40 41 42 43 45 46 47 48 49 50 51 52 53 54 56 57 58 59 60 61 62 63 64 65 67 68 69 70 73 75 77 80 81 82 83 84 88 89 90 99 100 
1 2 3 4 5 6 7 8 9 11 12 13 14 15 16 17 18 20 24 25 28 33 40 41 42 43 45 46 47 48 49 51 52 53 54 56 57 58 59 60 61 62 63 64 65 67 68 69 70 73 75 77 80 81 82 83 84 88 89 90 99 100 
1 2 3 4 5 6 7 8 9 11 12 13 14 15 16 17 18 20 24 25 28 33 40 41 42 43 45 46 47 48 49 51 52 53 54 56 57 58 59 61 62 63 64 65 67 68 69 70 73 75 77 80 81 82 83 84 88 89 90 99 100 
1 2 3 4 5 6 7 8 9 11 12 13 14 15 16 17 18 20 24 25 28 33 40 41 42 43 45 46 47 48 49 51 52 53 54 56 57 58 59 61 62 63 64 65 67 68 69 70 73 75 77 80 81 82 83 84 88 89 90 99 
1 2 3 4 5 6 7 8 9 11 12 13 14 15 16 17 18 20 24 25 33 40 41 42 43 45 46 47 48 49 51 52 53 54 56 57 58 59 61 62 63 64 65 67 68 69 70 73 75 77 80 81 82 83 84 88 89 90 99 
1 2 3 4 5 6 7 8 9 11 12 13 14 15 16 17 20 24 25 33 40 41 42 43 45 46 47 48 49 51 52 53 54 56 57 58 59 61 62 63 64 65 67 68 69 70 73 75 77 80 81 82 83 84 88 89 90 99 
1 2 3 4 5 6 7 8 11 12 13 14 15 16 17 20 24 25 33 40 41 42 43 45 46 47 48 49 51 52 53 54 56 57 58 59 61 62 63 64 65 67 68 69 70 73 75 77 80 81 82 83 84 88 89 90 99 
1 2 3 4 6 7 8 11 12 13 14 15 16 17 20 24 25 33 40 41 42 43 45 46 47 48 49 51 52 53 54 56 57 58 59 61 62 63 64 65 67 68 69 70 73 75 77 80 81 82 83 84 88 89 90 99 
1 2 3 4 6 7 8 11 12 13 14 15 16 20 24 25 33 40 41 42 43 45 46 47 48 49 51 52 53 54 56 57 58 59 61 62 63 64 65 67 68 69 70 73 75 77 80 81 82 83 84 88 89 90 99 
1 2 3 4 7 8 11 12 13 14 15 16 20 24 25 33 40 41 42 43 45 46 47 48 49 51 52 53 54 56 57 58 59 61 62 63 64 65 67 68 69 70 73 75 77 80 81 82 83 84 88 89 90 99 
1 2 4 7 8 11 12 13 14 15 16 20 24 25 33 40 41 42 43 45 46 47 48 49 51 52 53 54 56 57 58 59 61 62 63 64 65 67 68 69 70 73 75 77 80 81 82 83 84 88 89 90 99 
2 4 7 8 11 12 13 14 15 16 20 24 25 33 40 41 42 43 45 46 47 48 49 51 52 53 54 56 57 58 59 61 62 63 64 65 67 68 69 70 73 75 77 80 81 82 83 84 88 89 90 99 
2 7 8 11 12 13 14 15 16 20 24 25 33 40 41 42 43 45 46 47 48 49 51 52 53 54 56 57 58 59 61 62 63 64 65 67 68 69 70 73 75 77 80 81 82 83 84 88 89 90 99 
7 8 11 12 13 14 15 16 20 24 25 33 40 41 42 43 45 46 47 48 49 51 52 53 54 56 57 58 59 61 62 63 64 65 67 68 69 70 73 75 77 80 81 82 83 84 88 89 90 99 
8 11 12 13 14 15 16 20 24 25 33 40 41 42 43 45 46 47 48 49 51 52 53 54 56 57 58 59 61 62 63 64 65 67 68 69 70 73 75 77 80 81 82 83 84 88 89 90 99 
11 12 13 14 15 16 20 24 25 33 40 41 42 43 45 46 47 48 49 51 52 53 54 56 57 58 59 61 62 63 64 65 67 68 69 70 73 75 77 80 81 82 83 84 88 89 90 99 
11 12 13 14 15 16 20 24 25 33 40 41 42 43 45 46 47 48 49 51 52 53 54 56 57 58 59 61 62 63 64 65 67 68 69 70 75 77 80 81 82 83 84 88 89 90 99 
11 13 14 15 16 20 24 25 33 40 41 42 43 45 46 47 48 49 51 52 53 54 56 57 58 59 61 62 63 64 65 67 68 69 70 75 77 80 81 82 83 84 88 89 90 99 
11 14 15 16 20 24 25 33 40 41 42 43 45 46 47 48 49 51 52 53 54 56 57 58 59 61 62 63 64 65 67 68 69 70 75 77 80 81 82 83 84 88 89 90 99 
11 15 16 20 24 25 33 40 41 42 43 45 46 47 48 49 51 52 53 54 56 57 58 59 61 62 63 64 65 67 68 69 70 75 77 80 81 82 83 84 88 89 90 99 
11 15 20 24 25 33 40 41 42 43 45 46 47 48 49 51 52 53 54 56 57 58 59 61 62 63 64 65 67 68 69 70 75 77 80 81 82 83 84 88 89 90 99 
11 20 24 25 33 40 41 42 43 45 46 47 48 49 51 52 53 54 56 57 58 59 61 62 63 64 65 67 68 69 70 75 77 80 81 82 83 84 88 89 90 99 
11 20 24 33 40 41 42 43 45 46 47 48 49 51 52 53 54 56 57 58 59 61 62 63 64 65 67 68 69 70 75 77 80 81 82 83 84 88 89 90 99 
11 20 33 40 41 42 43 45 46 47 48 49 51 52 53 54 56 57 58 59 61 62 63 64 65 67 68 69 70 75 77 80 81 82 83 84 88 89 90 99 
11 20 33 40 41 42 43 45 46 47 48 49 51 52 53 54 56 57 58 59 61 62 63 64 65 67 68 69 70 75 77 80 81 82 83 84 88 89 90 99 
11 20 33 41 42 43 45 46 47 48 49 51 52 53 54 56 57 58 59 61 62 63 64 65 67 68 69 70 75 77 80 81 82 83 84 88 89 90 99 
20 33 41 42 43 45 46 47 48 49 51 52 53 54 56 57 58 59 61 62 63 64 65 67 68 69 70 75 77 80 81 82 83 84 88 89 90 99 
20 33 41 42 43 45 46 47 48 49 51 52 53 54 56 57 58 59 61 62 63 64 65 67 68 69 70 75 80 81 82 83 84 88 89 90 99 
20 41 42 43 45 46 47 48 49 51 52 53 54 56 57 58 59 61 62 63 64 65 67 68 69 70 75 80 81 82 83 84 88 89 90 99 
41 42 43 45 46 47 48 49 51 52 53 54 56 57 58 59 61 62 63 64 65 67 68 69 70 75 80 81 82 83 84 88 89 90 99 
41 42 43 45 46 47 48 49 51 52 53 54 56 57 58 59 61 62 63 64 65 67 68 69 70 75 80 81 82 83 84 88 89 99 
41 42 43 45 46 47 48 49 51 52 53 54 56 57 58 59 61 62 63 64 65 67 68 69 70 75 80 81 82 83 84 88 89 
41 42 43 45 46 47 48 49 51 52 53 54 56 57 58 59 61 62 63 64 65 67 68 69 75 80 81 82 83 84 88 89 
41 42 43 45 46 47 48 49 51 52 53 54 56 57 58 59 61 62 63 64 65 67 68 69 75 80 81 82 83 84 89 
41 42 43 45 46 47 48 49 51 52 53 54 56 57 58 59 61 62 63 64 65 67 68 69 75 81 82 83 84 89 
41 42 43 46 47 48 49 51 52 53 54 56 57 58 59 61 62 63 64 65 67 68 69 75 81 82 83 84 89 
41 42 43 46 47 48 51 52 53 54 56 57 58 59 61 62 63 64 65 67 68 69 75 81 82 83 84 89 
41 43 46 47 48 51 52 53 54 56 57 58 59 61 62 63 64 65 67 68 69 75 81 82 83 84 89 
41 46 47 48 51 52 53 54 56 57 58 59 61 62 63 64 65 67 68 69 75 81 82 83 84 89 
46 47 48 51 52 53 54 56 57 58 59 61 62 63 64 65 67 68 69 75 81 82 83 84 89 
46 48 51 52 53 54 56 57 58 59 61 62 63 64 65 67 68 69 75 81 82 83 84 89 
46 51 52 53 54 56 57 58 59 61 62 63 64 65 67 68 69 75 81 82 83 84 89 
51 52 53 54 56 57 58 59 61 62 63 64 65 67 68 69 75 81 82 83 84 89 
51 52 53 54 56 57 58 59 61 62 64 65 67 68 69 75 81 82 83 84 89 
51 52 53 54 56 57 58 59 61 62 64 65 67 69 75 81 82 83 84 89 
51 52 53 54 56 57 58 59 62 64 65 67 69 75 81 82 83 84 89 
51 52 53 54 56 57 58 59 64 65 67 69 75 81 82 83 84 89 
51 52 53 54 56 57 58 59 65 67 69 75 81 82 83 84 89 
51 52 53 54 56 57 58 59 65 67 75 81 82 83 84 89 
51 52 53 54 56 57 58 59 65 75 81 82 83 84 89 
51 52 53 54 56 57 58 59 75 81 82 83 84 89 
51 52 53 56 57 58 59 75 81 82 83 84 89 
51 52 53 56 57 58 75 81 82 83 84 89 
51 52 53 56 57 75 81 82 83 84 89 
52 53 56 57 75 81 82 83 84 89 
52 56 57 75 81 82 83 84 89 
52 56 75 81 82 83 84 89 
56 75 81 82 83 84 89 
75 81 82 83 84 89 
75 81 82 84 89 
75 82 84 89 
75 84 89 
75 89 
89 

