40 
11 40 
11 40 77 
11 33 40 77 
11 20 33 40 77 
11 20 33 40 77 90 
11 20 33 40 77 90 99 
11 20 33 40 70 77 90 99 
11 20 33 40 70 77 88 90 99 
11 20 33 40 70 77 80 88 90 99 
11 20 33 40 66 70 77 80 88 90 99 
10 11 20 33 40 66 70 77 80 88 90 99 
10 11 20 22 33 40 66 70 77 80 88 90 99 
10 11 20 22 30 33 40 66 70 77 80 88 90 99 
10 11 20 22 30 33 40 44 66 70 77 80 88 90 99 
10 11 20 22 30 33 40 44 55 66 70 77 80 88 90 99 
10 11 20 22 30 33 40 44 50 55 66 70 77 80 88 90 99 
10 11 20 22 30 33 40 44 50 55 60 66 70 77 80 88 90 99 
10 11 20 22 30 33 40 44 50 55 60 66 70 77 80 88 90 99 100 
10 11 20 22 28 30 33 40 44 50 55 60 66 70 77 80 88 90 99 100 
10 11 18 20 22 28 30 33 40 44 50 55 60 66 70 77 80 88 90 99 100 
9 10 11 18 20 22 28 30 33 40 44 50 55 60 66 70 77 80 88 90 99 100 
5 9 10 11 18 20 22 28 30 33 40 44 50 55 60 66 70 77 80 88 90 99 100 
5 9 10 11 17 18 20 22 28 30 33 40 44 50 55 60 66 70 77 80 88 90 99 100 
5 6 9 10 11 17 18 20 22 28 30 33 40 44 50 55 60 66 70 77 80 88 90 99 100 
3 5 6 9 10 11 17 18 20 22 28 30 33 40 44 50 55 60 66 70 77 80 88 90 99 100 
1 3 5 6 9 10 11 17 18 20 22 28 30 33 40 44 50 55 60 66 70 77 80 88 90 99 100 
1 3 4 5 6 9 10 11 17 18 20 22 28 30 33 40 44 50 55 60 66 70 77 80 88 90 99 100 
1 2 3 4 5 6 9 10 11 17 18 20 22 28 30 33 40 44 50 55 60 66 70 77 80 88 90 99 100 
1 2 3 4 5 6 7 9 10 11 17 18 20 22 28 30 33 40 44 50 55 60 66 70 77 80 88 90 99 100 
1 2 3 4 5 6 7 8 9 10 11 17 18 20 22 28 30 33 40 44 50 55 60 66 70 77 80 88 90 99 100 
1 2 3 4 5 6 7 8 9 10 11 17 18 20 22 28 30 33 40 44 50 55 60 66 70 73 77 80 88 90 99 100 
1 2 3 4 5 6 7 8 9 10 11 12 17 18 20 22 28 30 33 40 44 50 55 60 66 70 73 77 80 88 90 99 100 
1 2 3 4 5 6 7 8 9 10 11 12 13 17 18 20 22 28 30 33 40 44 50 55 60 66 70 73 77 80 88 90 99 100 
1 2 3 4 5 6 7 8 9 10 11 12 13 14 17 18 20 22 28 30 33 40 44 50 55 60 66 70 73 77 80 88 90 99 100 
1 2 3 4 5 6 7 8 9 10 11 12 13 14 16 17 18 20 22 28 30 33 40 44 50 55 60 66 70 73 77 80 88 90 99 100 
1 2 3 4 5 6 7 8 9 10 11 12 13 14 15 16 17 18 20 22 28 30 33 40 44 50 55 60 66 70 73 77 80 88 90 99 100 
1 2 3 4 5 6 7 8 9 10 11 12 13 14 15 16 17 18 20 22 25 28 30 33 40 44 50 55 60 66 70 73 77 80 88 90 99 100 
1 2 3 4 5 6 7 8 9 10 11 12 13 14 15 16 17 18 20 22 24 25 28 30 33 40 44 50 55 60 66 70 73 77 80 88 90 99 100 
1 2 3 4 5 6 7 8 9 10 11 12 13 14 15 16 17 18 20 22 24 25 28 30 33 40 44 50 55 60 66 70 73 77 80 88 90 99 100 
1 2 3 4 5 6 7 8 9 10 11 12 13 14 15 16 17 18 20 22 24 25 28 30 33 40 44 45 50 55 60 66 70 73 77 80 88 90 99 100 
1 2 3 4 5 6 7 8 9 10 11 12 13 14 15 16 17 18 20 22 24 25 28 30 33 40 44 45 49 50 55 60 66 70 73 77 80 88 90 99 100 
1 2 3 4 5 6 7 8 9 10 11 12 13 14 15 16 17 18 20 22 24 25 28 30 33 40 42 44 45 49 50 55 60 66 70 73 77 80 88 90 99 100 
1 2 3 4 5 6 7 8 9 10 11 12 13 14 15 16 17 18 20 22 24 25 28 30 33 40 42 43 44 45 49 50 55 60 66 70 73 77 80 88 90 99 100 
1 2 3 4 5 6 7 8 9 10 11 12 13 14 15 16 17 18 20 22 24 25 28 30 33 40 41 42 43 44 45 49 50 55 60 66 70 73 77 80 88 90 99 100 
1 2 3 4 5 6 7 8 9 10 11 12 13 14 15 16 17 18 20 22 24 25 28 30 33 40 41 42 43 44 45 47 49 50 55 60 66 70 73 77 80 88 90 99 100 
1 2 3 4 5 6 7 8 9 10 11 12 13 14 15 16 17 18 20 22 24 25 28 30 33 40 41 42 43 44 45 47 48 49 50 55 60 66 70 73 77 80 88 90 99 100 
1 2 3 4 5 6 7 8 9 10 11 12 13 14 15 16 17 18 20 22 24 25 28 30 33 40 41 42 43 44 45 46 47 48 49 50 55 60 66 70 73 77 80 88 90 99 100 
1 2 3 4 5 6 7 8 9 10 11 12 13 14 15 16 17 18 20 22 24 25 28 30 33 40 41 42 43 44 45 46 47 48 49 50 55 60 63 66 70 73 77 80 88 90 99 100 
1 2 3 4 5 6 7 8 9 10 11 12 13 14 15 16 17 18 20 22 24 25 28 30 33 40 41 42 43 44 45 46 47 48 49 50 55 60 63 66 68 70 73 77 80 88 90 99 100 
1 2 3 4 5 6 7 8 9 10 11 12 13 14 15 16 17 18 20 22 24 25 28 30 33 40 41 42 43 44 45 46 47 48 49 50 55 60 61 63 66 68 70 73 77 80 88 90 99 100 
1 2 3 4 5 6 7 8 9 10 11 12 13 14 15 16 17 18 20 22 24 25 28 30 33 40 41 42 43 44 45 46 47 48 49 50 55 60 61 62 63 66 68 70 73 77 80 88 90 99 100 
1 2 3 4 5 6 7 8 9 10 11 12 13 14 15 16 17 18 20 22 24 25 28 30 33 40 41 42 43 44 45 46 47 48 49 50 55 60 61 62 63 64 66 68 70 73 77 80 88 90 99 100 
1 2 3 4 5 6 7 8 9 10 11 12 13 14 15 16 17 18 20 22 24 25 28 30 33 40 41 42 43 44 45 46 47 48 49 50 55 60 61 62 63 64 66 68 69 70 73 77 80 88 90 99 100 
1 2 3 4 5 6 7 8 9 10 11 12 13 14 15 16 17 18 20 22 24 25 28 30 33 40 41 42 43 44 45 46 47 48 49 50 55 60 61 62 63 64 66 67 68 69 70 73 77 80 88 90 99 100 
1 2 3 4 5 6 7 8 9 10 11 12 13 14 15 16 17 18 20 22 24 25 28 30 33 40 41 42 43 44 45 46 47 48 49 50 55 60 61 62 63 64 65 66 67 68 69 70 73 77 80 88 90 99 100 
1 2 3 4 5 6 7 8 9 10 11 12 13 14 15 16 17 18 20 22 24 25 28 30 33 40 41 42 43 44 45 46 47 48 49 50 54 55 60 61 62 63 64 65 66 67 68 69 70 73 77 80 88 90 99 100 
1 2 3 4 5 6 7 8 9 10 11 12 13 14 15 16 17 18 20 22 24 25 28 30 33 40 41 42 43 44 45 46 47 48 49 50 54 55 59 60 61 62 63 64 65 66 67 68 69 70 73 77 80 88 90 99 100 
1 2 3 4 5 6 7 8 9 10 11 12 13 14 15 16 17 18 20 22 24 25 28 30 33 40 41 42 43 44 45 46 47 48 49 50 54 55 58 59 60 61 62 63 64 65 66 67 68 69 70 73 77 80 88 90 99 100 
1 2 3 4 5 6 7 8 9 10 11 12 13 14 15 16 17 18 20 22 24 25 28 30 33 40 41 42 43 44 45 46 47 48 49 50 51 54 55 58 59 60 61 62 63 64 65 66 67 68 69 70 73 77 80 88 90 99 100 
1 2 3 4 5 6 7 8 9 10 11 12 13 14 15 16 17 18 20 22 24 25 28 30 33 40 41 42 43 44 45 46 47 48 49 50 51 53 54 55 58 59 60 61 62 63 64 65 66 67 68 69 70 73 77 80 88 90 99 100 
1 2 3 4 5 6 7 8 9 10 11 12 13 14 15 16 17 18 20 22 24 25 28 30 33 40 41 42 43 44 45 46 47 48 49 50 51 53 54 55 57 58 59 60 61 62 63 64 65 66 67 68 69 70 73 77 80 88 90 99 100 
1 2 3 4 5 6 7 8 9 10 11 12 13 14 15 16 17 18 20 22 24 25 28 30 33 40 41 42 43 44 45 46 47 48 49 50 51 52 53 54 55 57 58 59 60 61 62 63 64 65 66 67 68 69 70 73 77 80 88 90 99 100 
1 2 3 4 5 6 7 8 9 10 11 12 13 14 15 16 17 18 20 22 24 25 28 30 33 40 41 42 43 44 45 46 47 48 49 50 51 52 53 54 55 56 57 58 59 60 61 62 63 64 65 66 67 68 69 70 73 77 80 88 90 99 100 
1 2 3 4 5 6 7 8 9 10 11 12 13 14 15 16 17 18 20 22 24 25 28 30 33 40 41 42 43 44 45 46 47 48 49 50 51 52 53 54 55 56 57 58 59 60 61 62 63 64 65 66 67 68 69 70 73 77 80 83 88 90 99 100 
1 2 3 4 5 6 7 8 9 10 11 12 13 14 15 16 17 18 20 22 24 25 28 30 33 40 41 42 43 44 45 46 47 48 49 50 51 52 53 54 55 56 57 58 59 60 61 62 63 64 65 66 67 68 69 70 73 77 80 81 83 88 90 99 100 
1 2 3 4 5 6 7 8 9 10 11 12 13 14 15 16 17 18 20 22 24 25 28 30 33 40 41 42 43 44 45 46 47 48 49 50 51 52 53 54 55 56 57 58 59 60 61 62 63 64 65 66 67 68 69 70 73 77 80 81 82 83 88 90 99 100 
1 2 3 4 5 6 7 8 9 10 11 12 13 14 15 16 17 18 20 22 24 25 28 30 33 40 41 42 43 44 45 46 47 48 49 50 51 52 53 54 55 56 57 58 59 60 61 62 63 64 65 66 67 68 69 70 73 77 80 81 82 83 84 88 90 99 100 
1 2 3 4 5 6 7 8 9 10 11 12 13 14 15 16 17 18 20 22 24 25 28 30 33 40 41 42 43 44 45 46 47 48 49 50 51 52 53 54 55 56 57 58 59 60 61 62 63 64 65 66 67 68 69 70 73 75 77 80 81 82 83 84 88 90 99 100 
1 2 3 4 5 6 7 8 9 10 11 12 13 14 15 16 17 18 20 22 24 25 28 30 33 40 41 42 43 44 45 46 47 48 49 50 51 52 53 54 55 56 57 58 59 60 61 62 63 64 65 66 67 68 69 70 73 75 77 80 81 82 83 84 88 89 90 99 100 
40 
11 40 
11 40 77 
11 33 40 77 
11 20 33 40 77 
11 20 33 40 77 90 
11 20 33 40 77 90 99 
11 20 33 40 70 77 90 99 
11 20 33 40 70 77 88 90 99 
11 20 33 40 70 77 80 88 90 99 
11 20 33 40 66 70 77 80 88 90 99 
10 11 20 33 40 66 70 77 80 88 90 99 
10 11 20 22 33 40 66 70 77 80 88 90 99 
10 11 20 22 30 33 40 66 70 77 80 88 90 99 
10 11 20 22 30 33 40 44 66 70 77 80 88 90 99 
10 11 20 22 30 33 40 44 55 66 70 77 80 88 90 99 
10 11 20 22 30 33 40 44 50 55 66 70 77 80 88 90 99 
10 11 20 22 30 33 40 44 50 55 60 66 70 77 80 88 90 99 
10 11 20 22 30 33 40 44 50 55 60 66 70 77 80 88 90 99 100 
10 11 20 22 28 30 33 40 44 50 55 60 66 70 77 80 88 90 99 100 
10 11 18 20 22 28 30 33 40 44 50 55 60 66 70 77 80 88 90 99 100 
9 10 11 18 20 22 28 30 33 40 44 50 55 60 66 70 77 80 88 90 99 100 
5 9 10 11 18 20 22 28 30 33 40 44 50 55 60 66 70 77 80 88 90 99 100 
5 9 10 11 17 18 20 22 28 30 33 40 44 50 55 60 66 70 77 80 88 90 99 100 
5 6 9 10 11 17 18 20 22 28 30 33 40 44 50 55 60 66 70 77 80 88 90 99 100 
3 5 6 9 10 11 17 18 20 22 28 30 33 40 44 50 55 60 66 70 77 80 88 90 99 100 
1 3 5 6 9 10 11 17 18 20 22 28 30 33 40 44 50 55 60 66 70 77 80 88 90 99 100 
1 3 4 5 6 9 10 11 17 18 20 22 28 30 33 40 44 50 55 60 66 70 77 80 88 90 99 100 
1 2 3 4 5 6 9 10 11 17 18 20 22 28 30 33 40 44 50 55 60 66 70 77 80 88 90 99 100 
1 2 3 4 5 6 7 9 10 11 17 18 20 22 28 30 33 40 44 50 55 60 66 70 77 80 88 90 99 100 
1 2 3 4 5 6 7 8 9 10 11 17 18 20 22 28 30 33 40 44 50 55 60 66 70 77 80 88 90 99 100 
1 2 3 4 5 6 7 8 9 10 11 17 18 20 22 28 30 33 40 44 50 55 60 66 70 73 77 80 88 90 99 100 
1 2 3 4 5 6 7 8 9 10 11 12 17 18 20 22 28 30 33 40 44 50 55 60 66 70 73 77 80 88 90 99 100 
1 2 3 4 5 6 7 8 9 10 11 12 13 17 18 20 22 28 30 33 40 44 50 55 60 66 70 73 77 80 88 90 99 100 
1 2 3 4 5 6 7 8 9 10 11 12 13 14 17 18 20 22 28 30 33 40 44 50 55 60 66 70 73 77 80 88 90 99 100 
1 2 3 4 5 6 7 8 9 10 11 12 13 14 16 17 18 20 22 28 30 33 40 44 50 55 60 66 70 73 77 80 88 90 99 100 
1 2 3 4 5 6 7 8 9 10 11 12 13 14 15 16 17 18 20 22 28 30 33 40 44 50 55 60 66 70 73 77 80 88 90 99 100 
1 2 3 4 5 6 7 8 9 10 11 12 13 14 15 16 17 18 20 22 25 28 30 33 40 44 50 55 60 66 70 73 77 80 88 90 99 100 
1 2 3 4 5 6 7 8 9 10 11 12 13 14 15 16 17 18 20 22 24 25 28 30 33 40 44 50 55 60 66 70 73 77 80 88 90 99 100 
1 2 3 4 5 6 7 8 9 10 11 12 13 14 15 16 17 18 20 22 24 25 28 30 33 40 44 50 55 60 66 70 73 77 80 88 90 99 100 
1 2 3 4 5 6 7 8 9 10 11 12 13 14 15 16 17 18 20 22 24 25 28 30 33 40 44 45 50 55 60 66 70 73 77 80 88 90 99 100 
1 2 3 4 5 6 7 8 9 10 11 12 13 14 15 16 17 18 20 22 24 25 28 30 33 40 44 45 49 50 55 60 66 70 73 77 80 88 90 99 100 
1 2 3 4 5 6 7 8 9 10 11 12 13 14 15 16 17 18 20 22 24 25 28 30 33 40 42 44 45 49 50 55 60 66 70 73 77 80 88 90 99 100 
1 2 3 4 5 6 7 8 9 10 11 12 13 14 15 16 17 18 20 22 24 25 28 30 33 40 42 43 44 45 49 50 55 60 66 70 73 77 80 88 90 99 100 
1 2 3 4 5 6 7 8 9 10 11 12 13 14 15 16 17 18 20 22 24 25 28 30 33 40 41 42 43 44 45 49 50 55 60 66 70 73 77 80 88 90 99 100 
1 2 3 4 5 6 7 8 9 10 11 12 13 14 15 16 17 18 20 22 24 25 28 30 33 40 41 42 43 44 45 47 49 50 55 60 66 70 73 77 80 88 90 99 100 
1 2 3 4 5 6 7 8 9 10 11 12 13 14 15 16 17 18 20 22 24 25 28 30 33 40 41 42 43 44 45 47 48 49 50 55 60 66 70 73 77 80 88 90 99 100 
1 2 3 4 5 6 7 8 9 10 11 12 13 14 15 16 17 18 20 22 24 25 28 30 33 40 41 42 43 44 45 46 47 48 49 50 55 60 66 70 73 77 80 88 90 99 100 
1 2 3 4 5 6 7 8 9 10 11 12 13 14 15 16 17 18 20 22 24 25 28 30 33 40 41 42 43 44 45 46 47 48 49 50 55 60 63 66 70 73 77 80 88 90 99 100 
1 2 3 4 5 6 7 8 9 10 11 12 13 14 15 16 17 18 20 22 24 25 28 30 33 40 41 42 43 44 45 46 47 48 49 50 55 60 63 66 68 70 73 77 80 88 90 99 100 
1 2 3 4 5 6 7 8 9 10 11 12 13 14 15 16 17 18 20 22 24 25 28 30 33 40 41 42 43 44 45 46 47 48 49 50 55 60 61 63 66 68 70 73 77 80 88 90 99 100 
1 2 3 4 5 6 7 8 9 10 11 12 13 14 15 16 17 18 20 22 24 25 28 30 33 40 41 42 43 44 45 46 47 48 49 50 55 60 61 62 63 66 68 70 73 77 80 88 90 99 100 
1 2 3 4 5 6 7 8 9 10 11 12 13 14 15 16 17 18 20 22 24 25 28 30 33 40 41 42 43 44 45 46 47 48 49 50 55 60 61 62 63 64 66 68 70 73 77 80 88 90 99 100 
1 2 3 4 5 6 7 8 9 10 11 12 13 14 15 16 17 18 20 22 24 25 28 30 33 40 41 42 43 44 45 46 47 48 49 50 55 60 61 62 63 64 66 68 69 70 73 77 80 88 90 99 100 
1 2 3 4 5 6 7 8 9 10 11 12 13 14 15 16 17 18 20 22 24 25 28 30 33 40 41 42 43 44 45 46 47 48 49 50 55 60 61 62 63 64 66 67 68 69 70 73 77 80 88 90 99 100 
1 2 3 4 5 6 7 8 9 10 11 12 13 14 15 16 17 18 20 22 24 25 28 30 33 40 41 42 43 44 45 46 47 48 49 50 55 60 61 62 63 64 65 66 67 68 69 70 73 77 80 88 90 99 100 
1 2 3 4 5 6 7 8 9 10 11 12 13 14 15 16 17 18 20 22 24 25 28 30 33 40 41 42 43 44 45 46 47 48 49 50 54 55 60 61 62 63 64 65 66 67 68 69 70 73 77 80 88 90 99 100 
1 2 3 4 5 6 7 8 9 10 11 12 13 14 15 16 17 18 20 22 24 25 28 30 33 40 41 42 43 44 45 46 47 48 49 50 54 55 59 60 61 62 63 64 65 66 67 68 69 70 73 77 80 88 90 99 100 
1 2 3 4 5 6 7 8 9 10 11 12 13 14 15 16 17 18 20 22 24 25 28 30 33 40 41 42 43 44 45 46 47 48 49 50 54 55 58 59 60 61 62 63 64 65 66 67 68 69 70 73 77 80 88 90 99 100 
1 2 3 4 5 6 7 8 9 10 11 12 13 14 15 16 17 18 20 22 24 25 28 30 33 40 41 42 43 44 45 46 47 48 49 50 51 54 55 58 59 60 61 62 63 64 65 66 67 68 69 70 73 77 80 88 90 99 100 
1 2 3 4 5 6 7 8 9 10 11 12 13 14 15 16 17 18 20 22 24 25 28 30 33 40 41 42 43 44 45 46 47 48 49 50 51 53 54 55 58 59 60 61 62 63 64 65 66 67 68 69 70 73 77 80 88 90 99 100 
1 2 3 4 5 6 7 8 9 10 11 12 13 14 15 16 17 18 20 22 24 25 28 30 33 40 41 42 43 44 45 46 47 48 49 50 51 53 54 55 57 58 59 60 61 62 63 64 65 66 67 68 69 70 73 77 80 88 90 99 100 
1 2 3 4 5 6 7 8 9 10 11 12 13 14 15 16 17 18 20 22 24 25 28 30 33 40 41 42 43 44 45 46 47 48 49 50 51 52 53 54 55 57 58 59 60 61 62 63 64 65 66 67 68 69 70 73 77 80 88 90 99 100 
1 2 3 4 5 6 7 8 9 10 11 12 13 14 15 16 17 18 20 22 24 25 28 30 33 40 41 42 43 44 45 46 47 48 49 50 51 52 53 54 55 56 57 58 59 60 61 62 63 64 65 66 67 68 69 70 73 77 80 88 90 99 100 
1 2 3 4 5 6 7 8 9 10 11 12 13 14 15 16 17 18 20 22 24 25 28 30 33 40 41 42 43 44 45 46 47 48 49 50 51 52 53 54 55 56 57 58 59 60 61 62 63 64 65 66 67 68 69 70 73 77 80 83 88 90 99 100 
1 2 3 4 5 6 7 8 9 10 11 12 13 14 15 16 17 18 20 22 24 25 28 30 33 40 41 42 43 44 45 46 47 48 49 50 51 52 53 54 55 56 57 58 59 60 61 62 63 64 65 66 67 68 69 70 73 77 80 81 83 88 90 99 100 
1 2 3 4 5 6 7 8 9 10 11 12 13 14 15 16 17 18 20 22 24 25 28 30 33 40 41 42 43 44 45 46 47 48 49 50 51 52 53 54 55 56 57 58 59 60 61 62 63 64 65 66 67 68 69 70 73 77 80 81 82 83 88 90 99 100 
1 2 3 4 5 6 7 8 9 10 11 12 13 14 15 16 17 18 20 22 24 25 28 30 33 40 41 42 43 44 45 46 47 48 49 50 51 52 53 54 55 56 57 58 59 60 61 62 63 64 65 66 67 68 69 70 73 77 80 81 82 83 84 88 90 99 100 
1 2 3 4 5 6 7 8 9 10 11 12 13 14 15 16 17 18 20 22 24 25 28 30 33 40 41 42 43 44 45 46 47 48 49 50 51 52 53 54 55 56 57 58 59 60 61 62 63 64 65 66 67 68 69 70 73 75 77 80 81 82 83 84 88 90 99 100 
1 2 3 4 5 6 7 8 9 10 11 12 13 14 15 16 17 18 20 22 24 25 28 30 33 40 41 42 43 44 45 46 47 48 49 50 51 52 53 54 55 56 57 58 59 60 61 62 63 64 65 66 67 68 69 70 73 75 77 80 81 82 83 84 88 89 90 99 100 
