40 
11 40 
11 40 77 
11 33 40 77 
11 20 33 40 77 
11 20 33 40 77 90 
11 20 33 40 77 90 99 
11 20 33 40 70 77 90 99 
11 20 33 40 70 77 88 90 99 
11 20 33 40 70 77 80 88 90 99 
11 20 33 40 66 70 77 80 88 90 99 
10 11 20 33 40 66 70 77 80 88 90 99 
10 11 20 22 33 40 66 70 77 80 88 90 99 
10 11 20 22 30 33 40 66 70 77 80 88 90 99 
10 11 20 22 30 33 40 44 66 70 77 80 88 90 99 
10 11 20 22 30 33 40 44 55 66 70 77 80 88 90 99 
10 11 20 22 30 33 40 44 50 55 66 70 77 80 88 90 99 
10 11 20 22 30 33 40 44 50 55 60 66 70 77 80 88 90 99 
10 11 20 22 30 33 40 44 50 55 60 66 70 77 80 88 90 99 100 
10 11 20 22 30 33 44 50 55 60 66 70 77 80 88 90 99 100 
10 20 22 30 33 44 50 55 60 66 70 77 80 88 90 99 100 
10 20 22 30 33 44 50 55 60 66 70 80 88 90 99 100 
10 20 22 30 44 50 55 60 66 70 80 88 90 99 100 
10 22 30 44 50 55 60 66 70 80 88 90 99 100 
10 22 30 44 50 55 60 66 70 80 88 99 100 
10 22 30 44 50 55 60 66 70 80 88 100 
10 22 30 44 50 55 60 66 80 88 100 
10 22 30 44 50 55 60 66 80 100 
10 22 30 44 50 55 60 66 100 
10 22 30 44 50 55 60 100 
22 30 44 50 55 60 100 
30 44 50 55 60 100 
44 50 55 60 100
50 55 60 100
50 60 100
60 100
100 
